<?xml version="1.0" encoding="UTF-8"?>
<!-- Generated by org.testng.reporters.JUnitXMLReporter -->
<testsuite ignored="0" hostname="DESKTOP-NQBQ4T8" failures="0" tests="5" name="Test" time="0.457" errors="0" timestamp="2022-10-01T08:09:54 IST">
  <testcase classname="com.testng.Parametrized_test" name="details" time="0.147"/>
  <testcase classname="com.testng.Parallel_test" name="facebook" time="0.006"/>
  <testcase classname="com.testng.Parallel_test" name="insta" time="0.008"/>
  <testcase classname="com.testng.Parallel_test" name="tele" time="0.005"/>
  <testcase classname="com.testng.Parallel_test" name="whatsapp" time="0.009"/>
</testsuite> <!-- Test -->
